
2182 : 0x41cef0b0b89d10 : 1 : spill_jit_data :  Jit agent is not initialized
2182 : 0x41cef0b0ba2be4 : 2 : ittapi_config_mask_get :  --itt-config mask to be applied: 1
2182 : 0x41cef0b0ba4e5e : 2 : ittapi_config_apply_per_lib :  ITTAPI function instrumented: __itt_domain_create
2182 : 0x41cef0b0ba5dc4 : 2 : ittapi_config_apply_per_lib :  ITTAPI function instrumented: __itt_string_handle_create
2182 : 0x41cef0b0ba6c66 : 2 : ittapi_config_apply_per_lib :  ITTAPI function instrumented: __itt_pause
2182 : 0x41cef0b0ba7a18 : 2 : ittapi_config_apply_per_lib :  ITTAPI function instrumented: __itt_resume
2182 : 0x41cef0b0ba967c : 2 : ittapi_config_apply_per_lib :  ITTAPI function instrumented: __itt_thread_set_name
2182 : 0x41cef0b0baa25a : 2 : ittapi_config_apply_per_lib :  ITTAPI function instrumented: __itt_thread_ignore
2182 : 0x41cef0b0baacec : 2 : ittapi_config_apply_per_lib :  ITTAPI function instrumented: __itt_thr_name_set
2182 : 0x41cef0b0bab9d8 : 2 : ittapi_config_apply_per_lib :  ITTAPI function instrumented: __itt_thr_ignore
2182 : 0x41cef0b0c1c302 : 2 : ittapi_config_apply_per_lib :  ITTAPI function NOT instrumented (not matched by --itt-config option): __itt_sync_create

2182 : 0x41cef0b0c1d32a : 2 : ittapi_config_apply_per_lib :  ITTAPI function NOT instrumented (not matched by --itt-config option): __itt_sync_rename

2182 : 0x41cef0b0c1db28 : 2 : ittapi_config_apply_per_lib :  ITTAPI function NOT instrumented (not matched by --itt-config option): __itt_sync_destroy

2182 : 0x41cef0b0c1e39c : 2 : ittapi_config_apply_per_lib :  ITTAPI function NOT instrumented (not matched by --itt-config option): __itt_sync_prepare

2182 : 0x41cef0b0c1eaf6 : 2 : ittapi_config_apply_per_lib :  ITTAPI function NOT instrumented (not matched by --itt-config option): __itt_sync_cancel

2182 : 0x41cef0b0c1f12e : 2 : ittapi_config_apply_per_lib :  ITTAPI function NOT instrumented (not matched by --itt-config option): __itt_sync_acquired

2182 : 0x41cef0b0c1f75e : 2 : ittapi_config_apply_per_lib :  ITTAPI function NOT instrumented (not matched by --itt-config option): __itt_sync_releasing

2182 : 0x41cef0b0c2112a : 2 : ittapi_config_apply_per_lib :  ITTAPI function not implemented: __itt_suppress_push
2182 : 0x41cef0b0c2243c : 2 : ittapi_config_apply_per_lib :  ITTAPI function not implemented: __itt_suppress_pop
2182 : 0x41cef0b0c230b8 : 2 : ittapi_config_apply_per_lib :  ITTAPI function not implemented: __itt_suppress_mark_range
2182 : 0x41cef0b0c26c18 : 2 : ittapi_config_apply_per_lib :  ITTAPI function not implemented: __itt_suppress_clear_range
2182 : 0x41cef0b0c273ba : 2 : ittapi_config_apply_per_lib :  ITTAPI function NOT instrumented (not matched by --itt-config option): __itt_sync_prepare

2182 : 0x41cef0b0c27b8c : 2 : ittapi_config_apply_per_lib :  ITTAPI function NOT instrumented (not matched by --itt-config option): __itt_sync_cancel

2182 : 0x41cef0b0c281cc : 2 : ittapi_config_apply_per_lib :  ITTAPI function NOT instrumented (not matched by --itt-config option): __itt_sync_acquired

2182 : 0x41cef0b0c28828 : 2 : ittapi_config_apply_per_lib :  ITTAPI function NOT instrumented (not matched by --itt-config option): __itt_sync_releasing

2182 : 0x41cef0b0c2918e : 2 : ittapi_config_apply_per_lib :  ITTAPI function NOT instrumented (not matched by --itt-config option): __itt_model_site_begin

2182 : 0x41cef0b0c2995c : 2 : ittapi_config_apply_per_lib :  ITTAPI function NOT instrumented (not matched by --itt-config option): __itt_model_site_end

2182 : 0x41cef0b0c29fee : 2 : ittapi_config_apply_per_lib :  ITTAPI function NOT instrumented (not matched by --itt-config option): __itt_model_task_begin

2182 : 0x41cef0b0c2a794 : 2 : ittapi_config_apply_per_lib :  ITTAPI function NOT instrumented (not matched by --itt-config option): __itt_model_task_end

2182 : 0x41cef0b0c2af50 : 2 : ittapi_config_apply_per_lib :  ITTAPI function NOT instrumented (not matched by --itt-config option): __itt_model_lock_acquire

2182 : 0x41cef0b0c2d55c : 2 : ittapi_config_apply_per_lib :  ITTAPI function NOT instrumented (not matched by --itt-config option): __itt_model_lock_release

2182 : 0x41cef0b0c2de1c : 2 : ittapi_config_apply_per_lib :  ITTAPI function NOT instrumented (not matched by --itt-config option): __itt_model_record_allocation

2182 : 0x41cef0b0c2e5ce : 2 : ittapi_config_apply_per_lib :  ITTAPI function NOT instrumented (not matched by --itt-config option): __itt_model_record_deallocation

2182 : 0x41cef0b0c2ecf2 : 2 : ittapi_config_apply_per_lib :  ITTAPI function NOT instrumented (not matched by --itt-config option): __itt_model_induction_uses

2182 : 0x41cef0b0c2f3d8 : 2 : ittapi_config_apply_per_lib :  ITTAPI function NOT instrumented (not matched by --itt-config option): __itt_model_reduction_uses

2182 : 0x41cef0b0c2fa74 : 2 : ittapi_config_apply_per_lib :  ITTAPI function NOT instrumented (not matched by --itt-config option): __itt_model_observe_uses

2182 : 0x41cef0b0c3011e : 2 : ittapi_config_apply_per_lib :  ITTAPI function NOT instrumented (not matched by --itt-config option): __itt_model_clear_uses

2182 : 0x41cef0b0c30868 : 2 : ittapi_config_apply_per_lib :  ITTAPI function NOT instrumented (not matched by --itt-config option): __itt_model_site_beginA

2182 : 0x41cef0b0c30f5e : 2 : ittapi_config_apply_per_lib :  ITTAPI function NOT instrumented (not matched by --itt-config option): __itt_model_site_beginAL

2182 : 0x41cef0b0c31646 : 2 : ittapi_config_apply_per_lib :  ITTAPI function NOT instrumented (not matched by --itt-config option): __itt_model_task_beginA

2182 : 0x41cef0b0c354b2 : 2 : ittapi_config_apply_per_lib :  ITTAPI function NOT instrumented (not matched by --itt-config option): __itt_model_task_beginAL

2182 : 0x41cef0b0c35e5a : 2 : ittapi_config_apply_per_lib :  ITTAPI function NOT instrumented (not matched by --itt-config option): __itt_model_iteration_taskA

2182 : 0x41cef0b0c365bc : 2 : ittapi_config_apply_per_lib :  ITTAPI function NOT instrumented (not matched by --itt-config option): __itt_model_iteration_taskAL

2182 : 0x41cef0b0c36d6c : 2 : ittapi_config_apply_per_lib :  ITTAPI function NOT instrumented (not matched by --itt-config option): __itt_model_site_end_2

2182 : 0x41cef0b0c37432 : 2 : ittapi_config_apply_per_lib :  ITTAPI function NOT instrumented (not matched by --itt-config option): __itt_model_task_end_2

2182 : 0x41cef0b0c37a72 : 2 : ittapi_config_apply_per_lib :  ITTAPI function NOT instrumented (not matched by --itt-config option): __itt_model_lock_acquire_2

2182 : 0x41cef0b0c38380 : 2 : ittapi_config_apply_per_lib :  ITTAPI function NOT instrumented (not matched by --itt-config option): __itt_model_lock_release_2

2182 : 0x41cef0b0c38bae : 2 : ittapi_config_apply_per_lib :  ITTAPI function NOT instrumented (not matched by --itt-config option): __itt_model_aggregate_task

2182 : 0x41cef0b0c392b4 : 2 : ittapi_config_apply_per_lib :  ITTAPI function NOT instrumented (not matched by --itt-config option): __itt_model_disable_push

2182 : 0x41cef0b0c39b48 : 2 : ittapi_config_apply_per_lib :  ITTAPI function NOT instrumented (not matched by --itt-config option): __itt_model_disable_pop

2182 : 0x41cef0b0c3c648 : 2 : ittapi_config_apply_per_lib :  ITTAPI function instrumented: __itt_heap_function_create
2182 : 0x41cef0b0c3d368 : 2 : ittapi_config_apply_per_lib :  ITTAPI function instrumented: __itt_heap_allocate_begin
2182 : 0x41cef0b0c3dd2a : 2 : ittapi_config_apply_per_lib :  ITTAPI function instrumented: __itt_heap_allocate_end
2182 : 0x41cef0b0c3e7a2 : 2 : ittapi_config_apply_per_lib :  ITTAPI function instrumented: __itt_heap_free_begin
2182 : 0x41cef0b0c3f13a : 2 : ittapi_config_apply_per_lib :  ITTAPI function instrumented: __itt_heap_free_end
2182 : 0x41cef0b0c3fbba : 2 : ittapi_config_apply_per_lib :  ITTAPI function instrumented: __itt_heap_reallocate_begin
2182 : 0x41cef0b0c403f8 : 2 : ittapi_config_apply_per_lib :  ITTAPI function instrumented: __itt_heap_reallocate_end
2182 : 0x41cef0b0c4100a : 2 : ittapi_config_apply_per_lib :  ITTAPI function not implemented: __itt_heap_internal_access_begin
2182 : 0x41cef0b0c41bb6 : 2 : ittapi_config_apply_per_lib :  ITTAPI function not implemented: __itt_heap_internal_access_end
2182 : 0x41cef0b0c426fa : 2 : ittapi_config_apply_per_lib :  ITTAPI function not implemented: __itt_heap_record_memory_growth_begin
2182 : 0x41cef0b0c462b8 : 2 : ittapi_config_apply_per_lib :  ITTAPI function not implemented: __itt_heap_record_memory_growth_end
2182 : 0x41cef0b0c47078 : 2 : ittapi_config_apply_per_lib :  ITTAPI function not implemented: __itt_id_create
2182 : 0x41cef0b0c47bc0 : 2 : ittapi_config_apply_per_lib :  ITTAPI function not implemented: __itt_id_destroy
2182 : 0x41cef0b0c487d6 : 2 : ittapi_config_apply_per_lib :  ITTAPI function not implemented: __itt_region_begin
2182 : 0x41cef0b0c4937a : 2 : ittapi_config_apply_per_lib :  ITTAPI function not implemented: __itt_region_end
2182 : 0x41cef0b0c49f6e : 2 : ittapi_config_apply_per_lib :  ITTAPI function instrumented: __itt_frame_begin_v3
2182 : 0x41cef0b0c4abb2 : 2 : ittapi_config_apply_per_lib :  ITTAPI function instrumented: __itt_frame_end_v3
2182 : 0x41cef0b0c4b306 : 2 : ittapi_config_apply_per_lib :  ITTAPI function NOT instrumented (not matched by --itt-config option): __itt_task_group

2182 : 0x41cef0b0c4bae6 : 2 : ittapi_config_apply_per_lib :  ITTAPI function NOT instrumented (not matched by --itt-config option): __itt_task_begin

2182 : 0x41cef0b0c4e36e : 2 : ittapi_config_apply_per_lib :  ITTAPI function NOT instrumented (not matched by --itt-config option): __itt_task_begin_fn

2182 : 0x41cef0b0c50b48 : 2 : ittapi_config_apply_per_lib :  ITTAPI function NOT instrumented (not matched by --itt-config option): __itt_task_end

2182 : 0x41cef0b0c5138e : 2 : ittapi_config_apply_per_lib :  ITTAPI function NOT instrumented (not matched by --itt-config option): __itt_counter_inc_v3

2182 : 0x41cef0b0c51a8c : 2 : ittapi_config_apply_per_lib :  ITTAPI function NOT instrumented (not matched by --itt-config option): __itt_counter_inc_delta_v3

2182 : 0x41cef0b0c52ffe : 2 : ittapi_config_apply_per_lib :  ITTAPI function not implemented: __itt_marker
2182 : 0x41cef0b0c53bc8 : 2 : ittapi_config_apply_per_lib :  ITTAPI function instrumented: __itt_metadata_add
2182 : 0x41cef0b0c547ce : 2 : ittapi_config_apply_per_lib :  ITTAPI function not implemented: __itt_metadata_str_add
2182 : 0x41cef0b0c5540c : 2 : ittapi_config_apply_per_lib :  ITTAPI function not implemented: __itt_relation_add_to_current
2182 : 0x41cef0b0c55fd2 : 2 : ittapi_config_apply_per_lib :  ITTAPI function not implemented: __itt_relation_add
2182 : 0x41cef0b0c569b4 : 2 : ittapi_config_apply_per_lib :  ITTAPI function instrumented: __itt_event_create
2182 : 0x41cef0b0c57092 : 2 : ittapi_config_apply_per_lib :  ITTAPI function NOT instrumented (not matched by --itt-config option): __itt_event_start

2182 : 0x41cef0b0c594b8 : 2 : ittapi_config_apply_per_lib :  ITTAPI function NOT instrumented (not matched by --itt-config option): __itt_event_end

2182 : 0x41cef0b0c59c62 : 2 : ittapi_config_apply_per_lib :  ITTAPI function NOT instrumented (not matched by --itt-config option): __itt_sync_set_name

2182 : 0x41cef0b0c5a3c8 : 2 : ittapi_config_apply_per_lib :  ITTAPI function NOT instrumented (not matched by --itt-config option): __itt_notify_sync_name

2182 : 0x41cef0b0c5aa82 : 2 : ittapi_config_apply_per_lib :  ITTAPI function NOT instrumented (not matched by --itt-config option): __itt_notify_sync_prepare

2182 : 0x41cef0b0c5b11a : 2 : ittapi_config_apply_per_lib :  ITTAPI function NOT instrumented (not matched by --itt-config option): __itt_notify_sync_cancel

2182 : 0x41cef0b0c5b7da : 2 : ittapi_config_apply_per_lib :  ITTAPI function NOT instrumented (not matched by --itt-config option): __itt_notify_sync_acquired

2182 : 0x41cef0b0c5be0a : 2 : ittapi_config_apply_per_lib :  ITTAPI function NOT instrumented (not matched by --itt-config option): __itt_notify_sync_releasing

2182 : 0x41cef0b0c5ca34 : 2 : ittapi_config_apply_per_lib :  ITTAPI function not implemented: __itt_memory_read
2182 : 0x41cef0b0c5d774 : 2 : ittapi_config_apply_per_lib :  ITTAPI function not implemented: __itt_memory_write
2182 : 0x41cef0b0c5e2c8 : 2 : ittapi_config_apply_per_lib :  ITTAPI function not implemented: __itt_memory_update
2182 : 0x41cef0b0c6218a : 2 : ittapi_config_apply_per_lib :  ITTAPI function not implemented: __itt_state_get
2182 : 0x41cef0b0c62cd2 : 2 : ittapi_config_apply_per_lib :  ITTAPI function not implemented: __itt_state_set
2182 : 0x41cef0b0c63858 : 2 : ittapi_config_apply_per_lib :  ITTAPI function not implemented: __itt_obj_mode_set
2182 : 0x41cef0b0c64386 : 2 : ittapi_config_apply_per_lib :  ITTAPI function not implemented: __itt_thr_mode_set
2182 : 0x41cef0b0c64c54 : 2 : ittapi_config_apply_per_lib :  ITTAPI function instrumented: __itt_frame_create
2182 : 0x41cef0b0c65600 : 2 : ittapi_config_apply_per_lib :  ITTAPI function instrumented: __itt_frame_begin
2182 : 0x41cef0b0c66002 : 2 : ittapi_config_apply_per_lib :  ITTAPI function instrumented: __itt_frame_end
2182 : 0x41cef0b0c669ca : 2 : ittapi_config_apply_per_lib :  ITTAPI function instrumented: __itt_counter_create
2182 : 0x41cef0b0c67160 : 2 : ittapi_config_apply_per_lib :  ITTAPI function NOT instrumented (not matched by --itt-config option): __itt_counter_destroy

2182 : 0x41cef0b0c6792e : 2 : ittapi_config_apply_per_lib :  ITTAPI function NOT instrumented (not matched by --itt-config option): __itt_counter_inc

2182 : 0x41cef0b0c69f92 : 2 : ittapi_config_apply_per_lib :  ITTAPI function NOT instrumented (not matched by --itt-config option): __itt_counter_inc_delta

2182 : 0x41cef0b0c6ab88 : 2 : ittapi_config_apply_per_lib :  ITTAPI function not implemented: __itt_mark_create
2182 : 0x41cef0b0c6b6e0 : 2 : ittapi_config_apply_per_lib :  ITTAPI function not implemented: __itt_mark
2182 : 0x41cef0b0c6c4a8 : 2 : ittapi_config_apply_per_lib :  ITTAPI function not implemented: __itt_mark_off
2182 : 0x41cef0b0c6d086 : 2 : ittapi_config_apply_per_lib :  ITTAPI function not implemented: __itt_mark_global
2182 : 0x41cef0b0c6dc28 : 2 : ittapi_config_apply_per_lib :  ITTAPI function not implemented: __itt_mark_global_off
2182 : 0x41cef0b0c6e43e : 2 : ittapi_config_apply_per_lib :  ITTAPI function NOT instrumented (not matched by --itt-config option): __itt_stack_caller_create

2182 : 0x41cef0b0c6ec4a : 2 : ittapi_config_apply_per_lib :  ITTAPI function NOT instrumented (not matched by --itt-config option): __itt_stack_caller_destroy

2182 : 0x41cef0b0c6f352 : 2 : ittapi_config_apply_per_lib :  ITTAPI function NOT instrumented (not matched by --itt-config option): __itt_stack_callee_enter

2182 : 0x41cef0b0c6fa80 : 2 : ittapi_config_apply_per_lib :  ITTAPI function NOT instrumented (not matched by --itt-config option): __itt_stack_callee_leave

2182 : 0x41cef0b0c72428 : 2 : ittapi_config_apply_per_lib :  ITTAPI function not implemented: __itt_clock_domain_create
2182 : 0x41cef0b0c7319c : 2 : ittapi_config_apply_per_lib :  ITTAPI function not implemented: __itt_clock_domain_reset
2182 : 0x41cef0b0c73c7c : 2 : ittapi_config_apply_per_lib :  ITTAPI function not implemented: __itt_id_create_ex
2182 : 0x41cef0b0c747e8 : 2 : ittapi_config_apply_per_lib :  ITTAPI function not implemented: __itt_id_destroy_ex
2182 : 0x41cef0b0c74e44 : 2 : ittapi_config_apply_per_lib :  ITTAPI function NOT instrumented (not matched by --itt-config option): __itt_task_begin_ex

2182 : 0x41cef0b0c754de : 2 : ittapi_config_apply_per_lib :  ITTAPI function NOT instrumented (not matched by --itt-config option): __itt_task_begin_fn_ex

2182 : 0x41cef0b0c75c22 : 2 : ittapi_config_apply_per_lib :  ITTAPI function NOT instrumented (not matched by --itt-config option): __itt_task_end_ex

2182 : 0x41cef0b0c762de : 2 : ittapi_config_apply_per_lib :  ITTAPI function NOT instrumented (not matched by --itt-config option): __itt_task_begin_overlapped

2182 : 0x41cef0b0c768a4 : 2 : ittapi_config_apply_per_lib :  ITTAPI function NOT instrumented (not matched by --itt-config option): __itt_task_begin_overlapped_ex

2182 : 0x41cef0b0c76e9a : 2 : ittapi_config_apply_per_lib :  ITTAPI function NOT instrumented (not matched by --itt-config option): __itt_task_end_overlapped

2182 : 0x41cef0b0c7925e : 2 : ittapi_config_apply_per_lib :  ITTAPI function NOT instrumented (not matched by --itt-config option): __itt_task_end_overlapped_ex

2182 : 0x41cef0b0c7a004 : 2 : ittapi_config_apply_per_lib :  ITTAPI function not implemented: __itt_marker_ex
2182 : 0x41cef0b0c7ad6c : 2 : ittapi_config_apply_per_lib :  ITTAPI function not implemented: __itt_metadata_add_with_scope
2182 : 0x41cef0b0c7b914 : 2 : ittapi_config_apply_per_lib :  ITTAPI function not implemented: __itt_metadata_str_add_with_scope
2182 : 0x41cef0b0c7c41c : 2 : ittapi_config_apply_per_lib :  ITTAPI function not implemented: __itt_relation_add_to_current_ex
2182 : 0x41cef0b0c7ceb0 : 2 : ittapi_config_apply_per_lib :  ITTAPI function not implemented: __itt_relation_add_ex
2182 : 0x41cef0b0c7da80 : 2 : ittapi_config_apply_per_lib :  ITTAPI function not implemented: __itt_track_group_create
2182 : 0x41cef0b0c7e470 : 2 : ittapi_config_apply_per_lib :  ITTAPI function not implemented: __itt_track_create
2182 : 0x41cef0b0c7ef80 : 2 : ittapi_config_apply_per_lib :  ITTAPI function not implemented: __itt_set_track
2182 : 0x41cef0b0c7f9ee : 2 : ittapi_config_apply_per_lib :  ITTAPI function instrumented: __itt_api_version
2182 : 0x41cef0b0c8317c : 2 : ittapi_config_apply_per_lib :  ITTAPI function not implemented: __itt_av_save
2182 : 0x41cef0b58f96e4 : 2 : ittapi_config_mask_get :  --itt-config mask to be applied: 1
2182 : 0x41cef0b58ff9f4 : 2 : ittapi_config_apply_per_lib :  ITTAPI function instrumented: __itt_domain_create
2182 : 0x41cef0b5900f64 : 2 : ittapi_config_apply_per_lib :  ITTAPI function instrumented: __itt_string_handle_create
2182 : 0x41cef0b5902576 : 2 : ittapi_config_apply_per_lib :  ITTAPI function instrumented: __itt_pause
2182 : 0x41cef0b5903774 : 2 : ittapi_config_apply_per_lib :  ITTAPI function instrumented: __itt_resume
2182 : 0x41cef0b59056be : 2 : ittapi_config_apply_per_lib :  ITTAPI function instrumented: __itt_thread_set_name
2182 : 0x41cef0b5906728 : 2 : ittapi_config_apply_per_lib :  ITTAPI function instrumented: __itt_thread_ignore
2182 : 0x41cef0b59075b2 : 2 : ittapi_config_apply_per_lib :  ITTAPI function instrumented: __itt_thr_name_set
2182 : 0x41cef0b59083c6 : 2 : ittapi_config_apply_per_lib :  ITTAPI function instrumented: __itt_thr_ignore
2182 : 0x41cef0b59145a0 : 2 : ittapi_config_apply_per_lib :  ITTAPI function NOT instrumented (not matched by --itt-config option): __itt_sync_create

2182 : 0x41cef0b591550a : 2 : ittapi_config_apply_per_lib :  ITTAPI function NOT instrumented (not matched by --itt-config option): __itt_sync_rename

2182 : 0x41cef0b591602e : 2 : ittapi_config_apply_per_lib :  ITTAPI function NOT instrumented (not matched by --itt-config option): __itt_sync_destroy

2182 : 0x41cef0b5916bc6 : 2 : ittapi_config_apply_per_lib :  ITTAPI function NOT instrumented (not matched by --itt-config option): __itt_sync_prepare

2182 : 0x41cef0b59176b0 : 2 : ittapi_config_apply_per_lib :  ITTAPI function NOT instrumented (not matched by --itt-config option): __itt_sync_cancel

2182 : 0x41cef0b5918102 : 2 : ittapi_config_apply_per_lib :  ITTAPI function NOT instrumented (not matched by --itt-config option): __itt_sync_acquired

2182 : 0x41cef0b5918aa6 : 2 : ittapi_config_apply_per_lib :  ITTAPI function NOT instrumented (not matched by --itt-config option): __itt_sync_releasing

2182 : 0x41cef0b591a9fa : 2 : ittapi_config_apply_per_lib :  ITTAPI function not implemented: __itt_suppress_push
2182 : 0x41cef0b591c42c : 2 : ittapi_config_apply_per_lib :  ITTAPI function not implemented: __itt_suppress_pop
2182 : 0x41cef0b591d6b6 : 2 : ittapi_config_apply_per_lib :  ITTAPI function not implemented: __itt_suppress_mark_range
2182 : 0x41cef0b59220e6 : 2 : ittapi_config_apply_per_lib :  ITTAPI function not implemented: __itt_suppress_clear_range
2182 : 0x41cef0b5922c9a : 2 : ittapi_config_apply_per_lib :  ITTAPI function NOT instrumented (not matched by --itt-config option): __itt_sync_prepare

2182 : 0x41cef0b59237ee : 2 : ittapi_config_apply_per_lib :  ITTAPI function NOT instrumented (not matched by --itt-config option): __itt_sync_cancel

2182 : 0x41cef0b5924116 : 2 : ittapi_config_apply_per_lib :  ITTAPI function NOT instrumented (not matched by --itt-config option): __itt_sync_acquired

2182 : 0x41cef0b5924b1c : 2 : ittapi_config_apply_per_lib :  ITTAPI function NOT instrumented (not matched by --itt-config option): __itt_sync_releasing

2182 : 0x41cef0b5925748 : 2 : ittapi_config_apply_per_lib :  ITTAPI function NOT instrumented (not matched by --itt-config option): __itt_model_site_begin

2182 : 0x41cef0b59262d0 : 2 : ittapi_config_apply_per_lib :  ITTAPI function NOT instrumented (not matched by --itt-config option): __itt_model_site_end

2182 : 0x41cef0b5926d72 : 2 : ittapi_config_apply_per_lib :  ITTAPI function NOT instrumented (not matched by --itt-config option): __itt_model_task_begin

2182 : 0x41cef0b5927934 : 2 : ittapi_config_apply_per_lib :  ITTAPI function NOT instrumented (not matched by --itt-config option): __itt_model_task_end

2182 : 0x41cef0b592852a : 2 : ittapi_config_apply_per_lib :  ITTAPI function NOT instrumented (not matched by --itt-config option): __itt_model_lock_acquire

2182 : 0x41cef0b592fc98 : 2 : ittapi_config_apply_per_lib :  ITTAPI function NOT instrumented (not matched by --itt-config option): __itt_model_lock_release

2182 : 0x41cef0b5930b6a : 2 : ittapi_config_apply_per_lib :  ITTAPI function NOT instrumented (not matched by --itt-config option): __itt_model_record_allocation

2182 : 0x41cef0b59318bc : 2 : ittapi_config_apply_per_lib :  ITTAPI function NOT instrumented (not matched by --itt-config option): __itt_model_record_deallocation

2182 : 0x41cef0b5932388 : 2 : ittapi_config_apply_per_lib :  ITTAPI function NOT instrumented (not matched by --itt-config option): __itt_model_induction_uses

2182 : 0x41cef0b5932dca : 2 : ittapi_config_apply_per_lib :  ITTAPI function NOT instrumented (not matched by --itt-config option): __itt_model_reduction_uses

2182 : 0x41cef0b5933724 : 2 : ittapi_config_apply_per_lib :  ITTAPI function NOT instrumented (not matched by --itt-config option): __itt_model_observe_uses

2182 : 0x41cef0b5934092 : 2 : ittapi_config_apply_per_lib :  ITTAPI function NOT instrumented (not matched by --itt-config option): __itt_model_clear_uses

2182 : 0x41cef0b59349ee : 2 : ittapi_config_apply_per_lib :  ITTAPI function NOT instrumented (not matched by --itt-config option): __itt_model_site_beginA

2182 : 0x41cef0b5935308 : 2 : ittapi_config_apply_per_lib :  ITTAPI function NOT instrumented (not matched by --itt-config option): __itt_model_site_beginAL

2182 : 0x41cef0b5935dbc : 2 : ittapi_config_apply_per_lib :  ITTAPI function NOT instrumented (not matched by --itt-config option): __itt_model_task_beginA

2182 : 0x41cef0b593907c : 2 : ittapi_config_apply_per_lib :  ITTAPI function NOT instrumented (not matched by --itt-config option): __itt_model_task_beginAL

2182 : 0x41cef0b5939cd2 : 2 : ittapi_config_apply_per_lib :  ITTAPI function NOT instrumented (not matched by --itt-config option): __itt_model_iteration_taskA

2182 : 0x41cef0b593a736 : 2 : ittapi_config_apply_per_lib :  ITTAPI function NOT instrumented (not matched by --itt-config option): __itt_model_iteration_taskAL

2182 : 0x41cef0b593b48c : 2 : ittapi_config_apply_per_lib :  ITTAPI function NOT instrumented (not matched by --itt-config option): __itt_model_site_end_2

2182 : 0x41cef0b593be5a : 2 : ittapi_config_apply_per_lib :  ITTAPI function NOT instrumented (not matched by --itt-config option): __itt_model_task_end_2

2182 : 0x41cef0b593c878 : 2 : ittapi_config_apply_per_lib :  ITTAPI function NOT instrumented (not matched by --itt-config option): __itt_model_lock_acquire_2

2182 : 0x41cef0b593d596 : 2 : ittapi_config_apply_per_lib :  ITTAPI function NOT instrumented (not matched by --itt-config option): __itt_model_lock_release_2

2182 : 0x41cef0b593dffa : 2 : ittapi_config_apply_per_lib :  ITTAPI function NOT instrumented (not matched by --itt-config option): __itt_model_aggregate_task

2182 : 0x41cef0b593ead0 : 2 : ittapi_config_apply_per_lib :  ITTAPI function NOT instrumented (not matched by --itt-config option): __itt_model_disable_push

2182 : 0x41cef0b593f680 : 2 : ittapi_config_apply_per_lib :  ITTAPI function NOT instrumented (not matched by --itt-config option): __itt_model_disable_pop

2182 : 0x41cef0b5944818 : 2 : ittapi_config_apply_per_lib :  ITTAPI function instrumented: __itt_heap_function_create
2182 : 0x41cef0b5945a88 : 2 : ittapi_config_apply_per_lib :  ITTAPI function instrumented: __itt_heap_allocate_begin
2182 : 0x41cef0b59468f8 : 2 : ittapi_config_apply_per_lib :  ITTAPI function instrumented: __itt_heap_allocate_end
2182 : 0x41cef0b59476e2 : 2 : ittapi_config_apply_per_lib :  ITTAPI function instrumented: __itt_heap_free_begin
2182 : 0x41cef0b59485d2 : 2 : ittapi_config_apply_per_lib :  ITTAPI function instrumented: __itt_heap_free_end
2182 : 0x41cef0b5949612 : 2 : ittapi_config_apply_per_lib :  ITTAPI function instrumented: __itt_heap_reallocate_begin
2182 : 0x41cef0b594a3ce : 2 : ittapi_config_apply_per_lib :  ITTAPI function instrumented: __itt_heap_reallocate_end
2182 : 0x41cef0b594b5c6 : 2 : ittapi_config_apply_per_lib :  ITTAPI function not implemented: __itt_heap_internal_access_begin
2182 : 0x41cef0b594c794 : 2 : ittapi_config_apply_per_lib :  ITTAPI function not implemented: __itt_heap_internal_access_end
2182 : 0x41cef0b594d964 : 2 : ittapi_config_apply_per_lib :  ITTAPI function not implemented: __itt_heap_record_memory_growth_begin
2182 : 0x41cef0b5951aa8 : 2 : ittapi_config_apply_per_lib :  ITTAPI function not implemented: __itt_heap_record_memory_growth_end
2182 : 0x41cef0b5952d8e : 2 : ittapi_config_apply_per_lib :  ITTAPI function not implemented: __itt_id_create
2182 : 0x41cef0b5953f3a : 2 : ittapi_config_apply_per_lib :  ITTAPI function not implemented: __itt_id_destroy
2182 : 0x41cef0b5955020 : 2 : ittapi_config_apply_per_lib :  ITTAPI function not implemented: __itt_region_begin
2182 : 0x41cef0b5956150 : 2 : ittapi_config_apply_per_lib :  ITTAPI function not implemented: __itt_region_end
2182 : 0x41cef0b5957146 : 2 : ittapi_config_apply_per_lib :  ITTAPI function instrumented: __itt_frame_begin_v3
2182 : 0x41cef0b595826c : 2 : ittapi_config_apply_per_lib :  ITTAPI function instrumented: __itt_frame_end_v3
2182 : 0x41cef0b5958dc4 : 2 : ittapi_config_apply_per_lib :  ITTAPI function NOT instrumented (not matched by --itt-config option): __itt_task_group

2182 : 0x41cef0b5959824 : 2 : ittapi_config_apply_per_lib :  ITTAPI function NOT instrumented (not matched by --itt-config option): __itt_task_begin

2182 : 0x41cef0b595a25c : 2 : ittapi_config_apply_per_lib :  ITTAPI function NOT instrumented (not matched by --itt-config option): __itt_task_begin_fn

2182 : 0x41cef0b595da00 : 2 : ittapi_config_apply_per_lib :  ITTAPI function NOT instrumented (not matched by --itt-config option): __itt_task_end

2182 : 0x41cef0b595e7ca : 2 : ittapi_config_apply_per_lib :  ITTAPI function NOT instrumented (not matched by --itt-config option): __itt_counter_inc_v3

2182 : 0x41cef0b595f1b2 : 2 : ittapi_config_apply_per_lib :  ITTAPI function NOT instrumented (not matched by --itt-config option): __itt_counter_inc_delta_v3

2182 : 0x41cef0b59603c8 : 2 : ittapi_config_apply_per_lib :  ITTAPI function not implemented: __itt_marker
2182 : 0x41cef0b596146c : 2 : ittapi_config_apply_per_lib :  ITTAPI function instrumented: __itt_metadata_add
2182 : 0x41cef0b596251c : 2 : ittapi_config_apply_per_lib :  ITTAPI function not implemented: __itt_metadata_str_add
2182 : 0x41cef0b596352e : 2 : ittapi_config_apply_per_lib :  ITTAPI function not implemented: __itt_relation_add_to_current
2182 : 0x41cef0b5964686 : 2 : ittapi_config_apply_per_lib :  ITTAPI function not implemented: __itt_relation_add
2182 : 0x41cef0b59653d0 : 2 : ittapi_config_apply_per_lib :  ITTAPI function instrumented: __itt_event_create
2182 : 0x41cef0b5965f18 : 2 : ittapi_config_apply_per_lib :  ITTAPI function NOT instrumented (not matched by --itt-config option): __itt_event_start

2182 : 0x41cef0b59691f6 : 2 : ittapi_config_apply_per_lib :  ITTAPI function NOT instrumented (not matched by --itt-config option): __itt_event_end

2182 : 0x41cef0b5969cd2 : 2 : ittapi_config_apply_per_lib :  ITTAPI function NOT instrumented (not matched by --itt-config option): __itt_sync_set_name

2182 : 0x41cef0b596a782 : 2 : ittapi_config_apply_per_lib :  ITTAPI function NOT instrumented (not matched by --itt-config option): __itt_notify_sync_name

2182 : 0x41cef0b596b310 : 2 : ittapi_config_apply_per_lib :  ITTAPI function NOT instrumented (not matched by --itt-config option): __itt_notify_sync_prepare

2182 : 0x41cef0b596bcda : 2 : ittapi_config_apply_per_lib :  ITTAPI function NOT instrumented (not matched by --itt-config option): __itt_notify_sync_cancel

2182 : 0x41cef0b596c766 : 2 : ittapi_config_apply_per_lib :  ITTAPI function NOT instrumented (not matched by --itt-config option): __itt_notify_sync_acquired

2182 : 0x41cef0b596d0de : 2 : ittapi_config_apply_per_lib :  ITTAPI function NOT instrumented (not matched by --itt-config option): __itt_notify_sync_releasing

2182 : 0x41cef0b596e28a : 2 : ittapi_config_apply_per_lib :  ITTAPI function not implemented: __itt_memory_read
2182 : 0x41cef0b596f424 : 2 : ittapi_config_apply_per_lib :  ITTAPI function not implemented: __itt_memory_write
2182 : 0x41cef0b597053e : 2 : ittapi_config_apply_per_lib :  ITTAPI function not implemented: __itt_memory_update
2182 : 0x41cef0b5975940 : 2 : ittapi_config_apply_per_lib :  ITTAPI function not implemented: __itt_state_get
2182 : 0x41cef0b5976b18 : 2 : ittapi_config_apply_per_lib :  ITTAPI function not implemented: __itt_state_set
2182 : 0x41cef0b5977ae8 : 2 : ittapi_config_apply_per_lib :  ITTAPI function not implemented: __itt_obj_mode_set
2182 : 0x41cef0b5978af4 : 2 : ittapi_config_apply_per_lib :  ITTAPI function not implemented: __itt_thr_mode_set
2182 : 0x41cef0b597979a : 2 : ittapi_config_apply_per_lib :  ITTAPI function instrumented: __itt_frame_create
2182 : 0x41cef0b597a774 : 2 : ittapi_config_apply_per_lib :  ITTAPI function instrumented: __itt_frame_begin
2182 : 0x41cef0b597b5e2 : 2 : ittapi_config_apply_per_lib :  ITTAPI function instrumented: __itt_frame_end
2182 : 0x41cef0b597c3b8 : 2 : ittapi_config_apply_per_lib :  ITTAPI function instrumented: __itt_counter_create
2182 : 0x41cef0b597ce86 : 2 : ittapi_config_apply_per_lib :  ITTAPI function NOT instrumented (not matched by --itt-config option): __itt_counter_destroy

2182 : 0x41cef0b597d9c0 : 2 : ittapi_config_apply_per_lib :  ITTAPI function NOT instrumented (not matched by --itt-config option): __itt_counter_inc

2182 : 0x41cef0b5980ec0 : 2 : ittapi_config_apply_per_lib :  ITTAPI function NOT instrumented (not matched by --itt-config option): __itt_counter_inc_delta

2182 : 0x41cef0b59820a2 : 2 : ittapi_config_apply_per_lib :  ITTAPI function not implemented: __itt_mark_create
2182 : 0x41cef0b5983254 : 2 : ittapi_config_apply_per_lib :  ITTAPI function not implemented: __itt_mark
2182 : 0x41cef0b59846b0 : 2 : ittapi_config_apply_per_lib :  ITTAPI function not implemented: __itt_mark_off
2182 : 0x41cef0b59856e8 : 2 : ittapi_config_apply_per_lib :  ITTAPI function not implemented: __itt_mark_global
2182 : 0x41cef0b5986898 : 2 : ittapi_config_apply_per_lib :  ITTAPI function not implemented: __itt_mark_global_off
2182 : 0x41cef0b59874d8 : 2 : ittapi_config_apply_per_lib :  ITTAPI function NOT instrumented (not matched by --itt-config option): __itt_stack_caller_create

2182 : 0x41cef0b5988150 : 2 : ittapi_config_apply_per_lib :  ITTAPI function NOT instrumented (not matched by --itt-config option): __itt_stack_caller_destroy

2182 : 0x41cef0b5988c28 : 2 : ittapi_config_apply_per_lib :  ITTAPI function NOT instrumented (not matched by --itt-config option): __itt_stack_callee_enter

2182 : 0x41cef0b598971e : 2 : ittapi_config_apply_per_lib :  ITTAPI function NOT instrumented (not matched by --itt-config option): __itt_stack_callee_leave

2182 : 0x41cef0b598d1e0 : 2 : ittapi_config_apply_per_lib :  ITTAPI function not implemented: __itt_clock_domain_create
2182 : 0x41cef0b598e5ae : 2 : ittapi_config_apply_per_lib :  ITTAPI function not implemented: __itt_clock_domain_reset
2182 : 0x41cef0b598f572 : 2 : ittapi_config_apply_per_lib :  ITTAPI function not implemented: __itt_id_create_ex
2182 : 0x41cef0b59906c4 : 2 : ittapi_config_apply_per_lib :  ITTAPI function not implemented: __itt_id_destroy_ex
2182 : 0x41cef0b5991024 : 2 : ittapi_config_apply_per_lib :  ITTAPI function NOT instrumented (not matched by --itt-config option): __itt_task_begin_ex

2182 : 0x41cef0b59919d4 : 2 : ittapi_config_apply_per_lib :  ITTAPI function NOT instrumented (not matched by --itt-config option): __itt_task_begin_fn_ex

2182 : 0x41cef0b59923a4 : 2 : ittapi_config_apply_per_lib :  ITTAPI function NOT instrumented (not matched by --itt-config option): __itt_task_end_ex

2182 : 0x41cef0b5992ce4 : 2 : ittapi_config_apply_per_lib :  ITTAPI function NOT instrumented (not matched by --itt-config option): __itt_task_begin_overlapped

2182 : 0x41cef0b5993602 : 2 : ittapi_config_apply_per_lib :  ITTAPI function NOT instrumented (not matched by --itt-config option): __itt_task_begin_overlapped_ex

2182 : 0x41cef0b5993fb8 : 2 : ittapi_config_apply_per_lib :  ITTAPI function NOT instrumented (not matched by --itt-config option): __itt_task_end_overlapped

2182 : 0x41cef0b5998632 : 2 : ittapi_config_apply_per_lib :  ITTAPI function NOT instrumented (not matched by --itt-config option): __itt_task_end_overlapped_ex

2182 : 0x41cef0b5999a1c : 2 : ittapi_config_apply_per_lib :  ITTAPI function not implemented: __itt_marker_ex
2182 : 0x41cef0b599ab82 : 2 : ittapi_config_apply_per_lib :  ITTAPI function not implemented: __itt_metadata_add_with_scope
2182 : 0x41cef0b599bdce : 2 : ittapi_config_apply_per_lib :  ITTAPI function not implemented: __itt_metadata_str_add_with_scope
2182 : 0x41cef0b599ce6a : 2 : ittapi_config_apply_per_lib :  ITTAPI function not implemented: __itt_relation_add_to_current_ex
2182 : 0x41cef0b599dd3a : 2 : ittapi_config_apply_per_lib :  ITTAPI function not implemented: __itt_relation_add_ex
2182 : 0x41cef0b599ed12 : 2 : ittapi_config_apply_per_lib :  ITTAPI function not implemented: __itt_track_group_create
2182 : 0x41cef0b599fb5c : 2 : ittapi_config_apply_per_lib :  ITTAPI function not implemented: __itt_track_create
2182 : 0x41cef0b59a0a28 : 2 : ittapi_config_apply_per_lib :  ITTAPI function not implemented: __itt_set_track
2182 : 0x41cef0b59a185c : 2 : ittapi_config_apply_per_lib :  ITTAPI function instrumented: __itt_api_version
2182 : 0x41cef0b59a54da : 2 : ittapi_config_apply_per_lib :  ITTAPI function not implemented: __itt_av_save