
20495 : 0x3bd4db8527a280 : 1 : spill_jit_data :  Jit agent is not initialized
20495 : 0x3bd4db852a2caa : 2 : ittapi_config_mask_get :  --itt-config mask to be applied: 1
20495 : 0x3bd4db852a575a : 2 : ittapi_config_apply_per_lib :  ITTAPI function instrumented: __itt_domain_create
20495 : 0x3bd4db852a6b86 : 2 : ittapi_config_apply_per_lib :  ITTAPI function instrumented: __itt_string_handle_create
20495 : 0x3bd4db852a7f44 : 2 : ittapi_config_apply_per_lib :  ITTAPI function instrumented: __itt_pause
20495 : 0x3bd4db852a9154 : 2 : ittapi_config_apply_per_lib :  ITTAPI function instrumented: __itt_resume
20495 : 0x3bd4db852ab780 : 2 : ittapi_config_apply_per_lib :  ITTAPI function instrumented: __itt_thread_set_name
20495 : 0x3bd4db852ac742 : 2 : ittapi_config_apply_per_lib :  ITTAPI function instrumented: __itt_thread_ignore
20495 : 0x3bd4db852ad55c : 2 : ittapi_config_apply_per_lib :  ITTAPI function instrumented: __itt_thr_name_set
20495 : 0x3bd4db852ae596 : 2 : ittapi_config_apply_per_lib :  ITTAPI function instrumented: __itt_thr_ignore
20495 : 0x3bd4db852ca6e8 : 2 : ittapi_config_apply_per_lib :  ITTAPI function NOT instrumented (not matched by --itt-config option): __itt_sync_create

20495 : 0x3bd4db852cbace : 2 : ittapi_config_apply_per_lib :  ITTAPI function NOT instrumented (not matched by --itt-config option): __itt_sync_rename

20495 : 0x3bd4db852cc6fa : 2 : ittapi_config_apply_per_lib :  ITTAPI function NOT instrumented (not matched by --itt-config option): __itt_sync_destroy

20495 : 0x3bd4db852cd20c : 2 : ittapi_config_apply_per_lib :  ITTAPI function NOT instrumented (not matched by --itt-config option): __itt_sync_prepare

20495 : 0x3bd4db852cdca0 : 2 : ittapi_config_apply_per_lib :  ITTAPI function NOT instrumented (not matched by --itt-config option): __itt_sync_cancel

20495 : 0x3bd4db852ce5ea : 2 : ittapi_config_apply_per_lib :  ITTAPI function NOT instrumented (not matched by --itt-config option): __itt_sync_acquired

20495 : 0x3bd4db852cef96 : 2 : ittapi_config_apply_per_lib :  ITTAPI function NOT instrumented (not matched by --itt-config option): __itt_sync_releasing

20495 : 0x3bd4db852d14a8 : 2 : ittapi_config_apply_per_lib :  ITTAPI function not implemented: __itt_suppress_push
20495 : 0x3bd4db852d2f2c : 2 : ittapi_config_apply_per_lib :  ITTAPI function not implemented: __itt_suppress_pop
20495 : 0x3bd4db852d4234 : 2 : ittapi_config_apply_per_lib :  ITTAPI function not implemented: __itt_suppress_mark_range
20495 : 0x3bd4db852d9334 : 2 : ittapi_config_apply_per_lib :  ITTAPI function not implemented: __itt_suppress_clear_range
20495 : 0x3bd4db852d9de0 : 2 : ittapi_config_apply_per_lib :  ITTAPI function NOT instrumented (not matched by --itt-config option): __itt_sync_prepare

20495 : 0x3bd4db852da814 : 2 : ittapi_config_apply_per_lib :  ITTAPI function NOT instrumented (not matched by --itt-config option): __itt_sync_cancel

20495 : 0x3bd4db852db186 : 2 : ittapi_config_apply_per_lib :  ITTAPI function NOT instrumented (not matched by --itt-config option): __itt_sync_acquired

20495 : 0x3bd4db852dbbf8 : 2 : ittapi_config_apply_per_lib :  ITTAPI function NOT instrumented (not matched by --itt-config option): __itt_sync_releasing

20495 : 0x3bd4db852dc8f4 : 2 : ittapi_config_apply_per_lib :  ITTAPI function NOT instrumented (not matched by --itt-config option): __itt_model_site_begin

20495 : 0x3bd4db852dd3ea : 2 : ittapi_config_apply_per_lib :  ITTAPI function NOT instrumented (not matched by --itt-config option): __itt_model_site_end

20495 : 0x3bd4db852ddd6c : 2 : ittapi_config_apply_per_lib :  ITTAPI function NOT instrumented (not matched by --itt-config option): __itt_model_task_begin

20495 : 0x3bd4db852de8b0 : 2 : ittapi_config_apply_per_lib :  ITTAPI function NOT instrumented (not matched by --itt-config option): __itt_model_task_end

20495 : 0x3bd4db852df3b4 : 2 : ittapi_config_apply_per_lib :  ITTAPI function NOT instrumented (not matched by --itt-config option): __itt_model_lock_acquire

20495 : 0x3bd4db852e2b2a : 2 : ittapi_config_apply_per_lib :  ITTAPI function NOT instrumented (not matched by --itt-config option): __itt_model_lock_release

20495 : 0x3bd4db852e37ca : 2 : ittapi_config_apply_per_lib :  ITTAPI function NOT instrumented (not matched by --itt-config option): __itt_model_record_allocation

20495 : 0x3bd4db852e4378 : 2 : ittapi_config_apply_per_lib :  ITTAPI function NOT instrumented (not matched by --itt-config option): __itt_model_record_deallocation

20495 : 0x3bd4db852e4dec : 2 : ittapi_config_apply_per_lib :  ITTAPI function NOT instrumented (not matched by --itt-config option): __itt_model_induction_uses

20495 : 0x3bd4db852e58dc : 2 : ittapi_config_apply_per_lib :  ITTAPI function NOT instrumented (not matched by --itt-config option): __itt_model_reduction_uses

20495 : 0x3bd4db852e626c : 2 : ittapi_config_apply_per_lib :  ITTAPI function NOT instrumented (not matched by --itt-config option): __itt_model_observe_uses

20495 : 0x3bd4db852e6dc6 : 2 : ittapi_config_apply_per_lib :  ITTAPI function NOT instrumented (not matched by --itt-config option): __itt_model_clear_uses

20495 : 0x3bd4db852e7746 : 2 : ittapi_config_apply_per_lib :  ITTAPI function NOT instrumented (not matched by --itt-config option): __itt_model_site_beginA

20495 : 0x3bd4db852e80b8 : 2 : ittapi_config_apply_per_lib :  ITTAPI function NOT instrumented (not matched by --itt-config option): __itt_model_site_beginAL

20495 : 0x3bd4db852e8aa2 : 2 : ittapi_config_apply_per_lib :  ITTAPI function NOT instrumented (not matched by --itt-config option): __itt_model_task_beginA

20495 : 0x3bd4db852ee220 : 2 : ittapi_config_apply_per_lib :  ITTAPI function NOT instrumented (not matched by --itt-config option): __itt_model_task_beginAL

20495 : 0x3bd4db852eef80 : 2 : ittapi_config_apply_per_lib :  ITTAPI function NOT instrumented (not matched by --itt-config option): __itt_model_iteration_taskA

20495 : 0x3bd4db852ef968 : 2 : ittapi_config_apply_per_lib :  ITTAPI function NOT instrumented (not matched by --itt-config option): __itt_model_iteration_taskAL

20495 : 0x3bd4db852f0548 : 2 : ittapi_config_apply_per_lib :  ITTAPI function NOT instrumented (not matched by --itt-config option): __itt_model_site_end_2

20495 : 0x3bd4db852f0f6c : 2 : ittapi_config_apply_per_lib :  ITTAPI function NOT instrumented (not matched by --itt-config option): __itt_model_task_end_2

20495 : 0x3bd4db852f189a : 2 : ittapi_config_apply_per_lib :  ITTAPI function NOT instrumented (not matched by --itt-config option): __itt_model_lock_acquire_2

20495 : 0x3bd4db852f2530 : 2 : ittapi_config_apply_per_lib :  ITTAPI function NOT instrumented (not matched by --itt-config option): __itt_model_lock_release_2

20495 : 0x3bd4db852f2f7c : 2 : ittapi_config_apply_per_lib :  ITTAPI function NOT instrumented (not matched by --itt-config option): __itt_model_aggregate_task

20495 : 0x3bd4db852f3b1a : 2 : ittapi_config_apply_per_lib :  ITTAPI function NOT instrumented (not matched by --itt-config option): __itt_model_disable_push

20495 : 0x3bd4db852f4630 : 2 : ittapi_config_apply_per_lib :  ITTAPI function NOT instrumented (not matched by --itt-config option): __itt_model_disable_pop

20495 : 0x3bd4db852f8312 : 2 : ittapi_config_apply_per_lib :  ITTAPI function instrumented: __itt_heap_function_create
20495 : 0x3bd4db852f9660 : 2 : ittapi_config_apply_per_lib :  ITTAPI function instrumented: __itt_heap_allocate_begin
20495 : 0x3bd4db852fa6fe : 2 : ittapi_config_apply_per_lib :  ITTAPI function instrumented: __itt_heap_allocate_end
20495 : 0x3bd4db852fb528 : 2 : ittapi_config_apply_per_lib :  ITTAPI function instrumented: __itt_heap_free_begin
20495 : 0x3bd4db852fc488 : 2 : ittapi_config_apply_per_lib :  ITTAPI function instrumented: __itt_heap_free_end
20495 : 0x3bd4db852fd464 : 2 : ittapi_config_apply_per_lib :  ITTAPI function instrumented: __itt_heap_reallocate_begin
20495 : 0x3bd4db852fe0d0 : 2 : ittapi_config_apply_per_lib :  ITTAPI function instrumented: __itt_heap_reallocate_end
20495 : 0x3bd4db852ff350 : 2 : ittapi_config_apply_per_lib :  ITTAPI function not implemented: __itt_heap_internal_access_begin
20495 : 0x3bd4db85300418 : 2 : ittapi_config_apply_per_lib :  ITTAPI function not implemented: __itt_heap_internal_access_end
20495 : 0x3bd4db853015c0 : 2 : ittapi_config_apply_per_lib :  ITTAPI function not implemented: __itt_heap_record_memory_growth_begin
20495 : 0x3bd4db85306f24 : 2 : ittapi_config_apply_per_lib :  ITTAPI function not implemented: __itt_heap_record_memory_growth_end
20495 : 0x3bd4db85308264 : 2 : ittapi_config_apply_per_lib :  ITTAPI function not implemented: __itt_id_create
20495 : 0x3bd4db85309396 : 2 : ittapi_config_apply_per_lib :  ITTAPI function not implemented: __itt_id_destroy
20495 : 0x3bd4db8530a4f8 : 2 : ittapi_config_apply_per_lib :  ITTAPI function not implemented: __itt_region_begin
20495 : 0x3bd4db8530b7ec : 2 : ittapi_config_apply_per_lib :  ITTAPI function not implemented: __itt_region_end
20495 : 0x3bd4db8530c880 : 2 : ittapi_config_apply_per_lib :  ITTAPI function instrumented: __itt_frame_begin_v3
20495 : 0x3bd4db8530dada : 2 : ittapi_config_apply_per_lib :  ITTAPI function instrumented: __itt_frame_end_v3
20495 : 0x3bd4db8530e592 : 2 : ittapi_config_apply_per_lib :  ITTAPI function NOT instrumented (not matched by --itt-config option): __itt_task_group

20495 : 0x3bd4db8530eff4 : 2 : ittapi_config_apply_per_lib :  ITTAPI function NOT instrumented (not matched by --itt-config option): __itt_task_begin

20495 : 0x3bd4db8530f9f6 : 2 : ittapi_config_apply_per_lib :  ITTAPI function NOT instrumented (not matched by --itt-config option): __itt_task_begin_fn

20495 : 0x3bd4db8531321e : 2 : ittapi_config_apply_per_lib :  ITTAPI function NOT instrumented (not matched by --itt-config option): __itt_task_end

20495 : 0x3bd4db85313ed4 : 2 : ittapi_config_apply_per_lib :  ITTAPI function NOT instrumented (not matched by --itt-config option): __itt_counter_inc_v3

20495 : 0x3bd4db8531498a : 2 : ittapi_config_apply_per_lib :  ITTAPI function NOT instrumented (not matched by --itt-config option): __itt_counter_inc_delta_v3

20495 : 0x3bd4db853160f4 : 2 : ittapi_config_apply_per_lib :  ITTAPI function not implemented: __itt_marker
20495 : 0x3bd4db85317230 : 2 : ittapi_config_apply_per_lib :  ITTAPI function instrumented: __itt_metadata_add
20495 : 0x3bd4db8531848c : 2 : ittapi_config_apply_per_lib :  ITTAPI function not implemented: __itt_metadata_str_add
20495 : 0x3bd4db853195c4 : 2 : ittapi_config_apply_per_lib :  ITTAPI function not implemented: __itt_relation_add_to_current
20495 : 0x3bd4db8531a6b8 : 2 : ittapi_config_apply_per_lib :  ITTAPI function not implemented: __itt_relation_add
20495 : 0x3bd4db8531b49e : 2 : ittapi_config_apply_per_lib :  ITTAPI function instrumented: __itt_event_create
20495 : 0x3bd4db8531be50 : 2 : ittapi_config_apply_per_lib :  ITTAPI function NOT instrumented (not matched by --itt-config option): __itt_event_start

20495 : 0x3bd4db8531f46c : 2 : ittapi_config_apply_per_lib :  ITTAPI function NOT instrumented (not matched by --itt-config option): __itt_event_end

20495 : 0x3bd4db8531feca : 2 : ittapi_config_apply_per_lib :  ITTAPI function NOT instrumented (not matched by --itt-config option): __itt_sync_set_name

20495 : 0x3bd4db853208a6 : 2 : ittapi_config_apply_per_lib :  ITTAPI function NOT instrumented (not matched by --itt-config option): __itt_notify_sync_name

20495 : 0x3bd4db85321278 : 2 : ittapi_config_apply_per_lib :  ITTAPI function NOT instrumented (not matched by --itt-config option): __itt_notify_sync_prepare

20495 : 0x3bd4db85321bee : 2 : ittapi_config_apply_per_lib :  ITTAPI function NOT instrumented (not matched by --itt-config option): __itt_notify_sync_cancel

20495 : 0x3bd4db853225ec : 2 : ittapi_config_apply_per_lib :  ITTAPI function NOT instrumented (not matched by --itt-config option): __itt_notify_sync_acquired

20495 : 0x3bd4db85322f80 : 2 : ittapi_config_apply_per_lib :  ITTAPI function NOT instrumented (not matched by --itt-config option): __itt_notify_sync_releasing

20495 : 0x3bd4db8532421a : 2 : ittapi_config_apply_per_lib :  ITTAPI function not implemented: __itt_memory_read
20495 : 0x3bd4db853254f8 : 2 : ittapi_config_apply_per_lib :  ITTAPI function not implemented: __itt_memory_write
20495 : 0x3bd4db8532660a : 2 : ittapi_config_apply_per_lib :  ITTAPI function not implemented: __itt_memory_update
20495 : 0x3bd4db8532be40 : 2 : ittapi_config_apply_per_lib :  ITTAPI function not implemented: __itt_state_get
20495 : 0x3bd4db8532ce74 : 2 : ittapi_config_apply_per_lib :  ITTAPI function not implemented: __itt_state_set
20495 : 0x3bd4db8532dfaa : 2 : ittapi_config_apply_per_lib :  ITTAPI function not implemented: __itt_obj_mode_set
20495 : 0x3bd4db8532f04c : 2 : ittapi_config_apply_per_lib :  ITTAPI function not implemented: __itt_thr_mode_set
20495 : 0x3bd4db8532fd4e : 2 : ittapi_config_apply_per_lib :  ITTAPI function instrumented: __itt_frame_create
20495 : 0x3bd4db85330bc8 : 2 : ittapi_config_apply_per_lib :  ITTAPI function instrumented: __itt_frame_begin
20495 : 0x3bd4db85331a64 : 2 : ittapi_config_apply_per_lib :  ITTAPI function instrumented: __itt_frame_end
20495 : 0x3bd4db853327c2 : 2 : ittapi_config_apply_per_lib :  ITTAPI function instrumented: __itt_counter_create
20495 : 0x3bd4db85333312 : 2 : ittapi_config_apply_per_lib :  ITTAPI function NOT instrumented (not matched by --itt-config option): __itt_counter_destroy

20495 : 0x3bd4db85333dfe : 2 : ittapi_config_apply_per_lib :  ITTAPI function NOT instrumented (not matched by --itt-config option): __itt_counter_inc

20495 : 0x3bd4db853376ae : 2 : ittapi_config_apply_per_lib :  ITTAPI function NOT instrumented (not matched by --itt-config option): __itt_counter_inc_delta

20495 : 0x3bd4db853387da : 2 : ittapi_config_apply_per_lib :  ITTAPI function not implemented: __itt_mark_create
20495 : 0x3bd4db853398d8 : 2 : ittapi_config_apply_per_lib :  ITTAPI function not implemented: __itt_mark
20495 : 0x3bd4db8533ad14 : 2 : ittapi_config_apply_per_lib :  ITTAPI function not implemented: __itt_mark_off
20495 : 0x3bd4db8533be9e : 2 : ittapi_config_apply_per_lib :  ITTAPI function not implemented: __itt_mark_global
20495 : 0x3bd4db8533cf84 : 2 : ittapi_config_apply_per_lib :  ITTAPI function not implemented: __itt_mark_global_off
20495 : 0x3bd4db8533dbe4 : 2 : ittapi_config_apply_per_lib :  ITTAPI function NOT instrumented (not matched by --itt-config option): __itt_stack_caller_create

20495 : 0x3bd4db8533e75e : 2 : ittapi_config_apply_per_lib :  ITTAPI function NOT instrumented (not matched by --itt-config option): __itt_stack_caller_destroy

20495 : 0x3bd4db8533f170 : 2 : ittapi_config_apply_per_lib :  ITTAPI function NOT instrumented (not matched by --itt-config option): __itt_stack_callee_enter

20495 : 0x3bd4db8533fd0a : 2 : ittapi_config_apply_per_lib :  ITTAPI function NOT instrumented (not matched by --itt-config option): __itt_stack_callee_leave

20495 : 0x3bd4db85343b60 : 2 : ittapi_config_apply_per_lib :  ITTAPI function not implemented: __itt_clock_domain_create
20495 : 0x3bd4db85344df4 : 2 : ittapi_config_apply_per_lib :  ITTAPI function not implemented: __itt_clock_domain_reset
20495 : 0x3bd4db85345db8 : 2 : ittapi_config_apply_per_lib :  ITTAPI function not implemented: __itt_id_create_ex
20495 : 0x3bd4db85346fd0 : 2 : ittapi_config_apply_per_lib :  ITTAPI function not implemented: __itt_id_destroy_ex
20495 : 0x3bd4db85347956 : 2 : ittapi_config_apply_per_lib :  ITTAPI function NOT instrumented (not matched by --itt-config option): __itt_task_begin_ex

20495 : 0x3bd4db8534830c : 2 : ittapi_config_apply_per_lib :  ITTAPI function NOT instrumented (not matched by --itt-config option): __itt_task_begin_fn_ex

20495 : 0x3bd4db85348dc2 : 2 : ittapi_config_apply_per_lib :  ITTAPI function NOT instrumented (not matched by --itt-config option): __itt_task_end_ex

20495 : 0x3bd4db8534976e : 2 : ittapi_config_apply_per_lib :  ITTAPI function NOT instrumented (not matched by --itt-config option): __itt_task_begin_overlapped

20495 : 0x3bd4db8534a040 : 2 : ittapi_config_apply_per_lib :  ITTAPI function NOT instrumented (not matched by --itt-config option): __itt_task_begin_overlapped_ex

20495 : 0x3bd4db8534a958 : 2 : ittapi_config_apply_per_lib :  ITTAPI function NOT instrumented (not matched by --itt-config option): __itt_task_end_overlapped

20495 : 0x3bd4db8534f74c : 2 : ittapi_config_apply_per_lib :  ITTAPI function NOT instrumented (not matched by --itt-config option): __itt_task_end_overlapped_ex

20495 : 0x3bd4db85350b2a : 2 : ittapi_config_apply_per_lib :  ITTAPI function not implemented: __itt_marker_ex
20495 : 0x3bd4db85351cdc : 2 : ittapi_config_apply_per_lib :  ITTAPI function not implemented: __itt_metadata_add_with_scope
20495 : 0x3bd4db85352f76 : 2 : ittapi_config_apply_per_lib :  ITTAPI function not implemented: __itt_metadata_str_add_with_scope
20495 : 0x3bd4db85353ff6 : 2 : ittapi_config_apply_per_lib :  ITTAPI function not implemented: __itt_relation_add_to_current_ex
20495 : 0x3bd4db85354ee0 : 2 : ittapi_config_apply_per_lib :  ITTAPI function not implemented: __itt_relation_add_ex
20495 : 0x3bd4db85355fa2 : 2 : ittapi_config_apply_per_lib :  ITTAPI function not implemented: __itt_track_group_create
20495 : 0x3bd4db85356de2 : 2 : ittapi_config_apply_per_lib :  ITTAPI function not implemented: __itt_track_create
20495 : 0x3bd4db85357e74 : 2 : ittapi_config_apply_per_lib :  ITTAPI function not implemented: __itt_set_track
20495 : 0x3bd4db85358dba : 2 : ittapi_config_apply_per_lib :  ITTAPI function instrumented: __itt_api_version
20495 : 0x3bd4db8535cfa8 : 2 : ittapi_config_apply_per_lib :  ITTAPI function not implemented: __itt_av_save
20495 : 0x3bd4db8a072fb8 : 2 : ittapi_config_mask_get :  --itt-config mask to be applied: 1
20495 : 0x3bd4db8a0779b8 : 2 : ittapi_config_apply_per_lib :  ITTAPI function instrumented: __itt_domain_create
20495 : 0x3bd4db8a0789e4 : 2 : ittapi_config_apply_per_lib :  ITTAPI function instrumented: __itt_string_handle_create
20495 : 0x3bd4db8a079a16 : 2 : ittapi_config_apply_per_lib :  ITTAPI function instrumented: __itt_pause
20495 : 0x3bd4db8a07a702 : 2 : ittapi_config_apply_per_lib :  ITTAPI function instrumented: __itt_resume
20495 : 0x3bd4db8a07be86 : 2 : ittapi_config_apply_per_lib :  ITTAPI function instrumented: __itt_thread_set_name
20495 : 0x3bd4db8a07cc1e : 2 : ittapi_config_apply_per_lib :  ITTAPI function instrumented: __itt_thread_ignore
20495 : 0x3bd4db8a07d77e : 2 : ittapi_config_apply_per_lib :  ITTAPI function instrumented: __itt_thr_name_set
20495 : 0x3bd4db8a07e234 : 2 : ittapi_config_apply_per_lib :  ITTAPI function instrumented: __itt_thr_ignore
20495 : 0x3bd4db8a0875ec : 2 : ittapi_config_apply_per_lib :  ITTAPI function NOT instrumented (not matched by --itt-config option): __itt_sync_create

20495 : 0x3bd4db8a088212 : 2 : ittapi_config_apply_per_lib :  ITTAPI function NOT instrumented (not matched by --itt-config option): __itt_sync_rename

20495 : 0x3bd4db8a0889a0 : 2 : ittapi_config_apply_per_lib :  ITTAPI function NOT instrumented (not matched by --itt-config option): __itt_sync_destroy

20495 : 0x3bd4db8a089144 : 2 : ittapi_config_apply_per_lib :  ITTAPI function NOT instrumented (not matched by --itt-config option): __itt_sync_prepare

20495 : 0x3bd4db8a089afe : 2 : ittapi_config_apply_per_lib :  ITTAPI function NOT instrumented (not matched by --itt-config option): __itt_sync_cancel

20495 : 0x3bd4db8a08a134 : 2 : ittapi_config_apply_per_lib :  ITTAPI function NOT instrumented (not matched by --itt-config option): __itt_sync_acquired

20495 : 0x3bd4db8a08a82c : 2 : ittapi_config_apply_per_lib :  ITTAPI function NOT instrumented (not matched by --itt-config option): __itt_sync_releasing

20495 : 0x3bd4db8a08bd8a : 2 : ittapi_config_apply_per_lib :  ITTAPI function not implemented: __itt_suppress_push
20495 : 0x3bd4db8a08ce3a : 2 : ittapi_config_apply_per_lib :  ITTAPI function not implemented: __itt_suppress_pop
20495 : 0x3bd4db8a08dc44 : 2 : ittapi_config_apply_per_lib :  ITTAPI function not implemented: __itt_suppress_mark_range
20495 : 0x3bd4db8a09105c : 2 : ittapi_config_apply_per_lib :  ITTAPI function not implemented: __itt_suppress_clear_range
20495 : 0x3bd4db8a09188a : 2 : ittapi_config_apply_per_lib :  ITTAPI function NOT instrumented (not matched by --itt-config option): __itt_sync_prepare

20495 : 0x3bd4db8a092068 : 2 : ittapi_config_apply_per_lib :  ITTAPI function NOT instrumented (not matched by --itt-config option): __itt_sync_cancel

20495 : 0x3bd4db8a092740 : 2 : ittapi_config_apply_per_lib :  ITTAPI function NOT instrumented (not matched by --itt-config option): __itt_sync_acquired

20495 : 0x3bd4db8a092d82 : 2 : ittapi_config_apply_per_lib :  ITTAPI function NOT instrumented (not matched by --itt-config option): __itt_sync_releasing

20495 : 0x3bd4db8a0935f8 : 2 : ittapi_config_apply_per_lib :  ITTAPI function NOT instrumented (not matched by --itt-config option): __itt_model_site_begin

20495 : 0x3bd4db8a093de4 : 2 : ittapi_config_apply_per_lib :  ITTAPI function NOT instrumented (not matched by --itt-config option): __itt_model_site_end

20495 : 0x3bd4db8a094440 : 2 : ittapi_config_apply_per_lib :  ITTAPI function NOT instrumented (not matched by --itt-config option): __itt_model_task_begin

20495 : 0x3bd4db8a094c8e : 2 : ittapi_config_apply_per_lib :  ITTAPI function NOT instrumented (not matched by --itt-config option): __itt_model_task_end

20495 : 0x3bd4db8a09541e : 2 : ittapi_config_apply_per_lib :  ITTAPI function NOT instrumented (not matched by --itt-config option): __itt_model_lock_acquire

20495 : 0x3bd4db8a09a888 : 2 : ittapi_config_apply_per_lib :  ITTAPI function NOT instrumented (not matched by --itt-config option): __itt_model_lock_release

20495 : 0x3bd4db8a09b1e0 : 2 : ittapi_config_apply_per_lib :  ITTAPI function NOT instrumented (not matched by --itt-config option): __itt_model_record_allocation

20495 : 0x3bd4db8a09bbc6 : 2 : ittapi_config_apply_per_lib :  ITTAPI function NOT instrumented (not matched by --itt-config option): __itt_model_record_deallocation

20495 : 0x3bd4db8a09c2e4 : 2 : ittapi_config_apply_per_lib :  ITTAPI function NOT instrumented (not matched by --itt-config option): __itt_model_induction_uses

20495 : 0x3bd4db8a09c9d2 : 2 : ittapi_config_apply_per_lib :  ITTAPI function NOT instrumented (not matched by --itt-config option): __itt_model_reduction_uses

20495 : 0x3bd4db8a09d144 : 2 : ittapi_config_apply_per_lib :  ITTAPI function NOT instrumented (not matched by --itt-config option): __itt_model_observe_uses

20495 : 0x3bd4db8a09d7fa : 2 : ittapi_config_apply_per_lib :  ITTAPI function NOT instrumented (not matched by --itt-config option): __itt_model_clear_uses

20495 : 0x3bd4db8a09de4a : 2 : ittapi_config_apply_per_lib :  ITTAPI function NOT instrumented (not matched by --itt-config option): __itt_model_site_beginA

20495 : 0x3bd4db8a09e4a0 : 2 : ittapi_config_apply_per_lib :  ITTAPI function NOT instrumented (not matched by --itt-config option): __itt_model_site_beginAL

20495 : 0x3bd4db8a09eb40 : 2 : ittapi_config_apply_per_lib :  ITTAPI function NOT instrumented (not matched by --itt-config option): __itt_model_task_beginA

20495 : 0x3bd4db8a0a118a : 2 : ittapi_config_apply_per_lib :  ITTAPI function NOT instrumented (not matched by --itt-config option): __itt_model_task_beginAL

20495 : 0x3bd4db8a0a197a : 2 : ittapi_config_apply_per_lib :  ITTAPI function NOT instrumented (not matched by --itt-config option): __itt_model_iteration_taskA

20495 : 0x3bd4db8a0a2074 : 2 : ittapi_config_apply_per_lib :  ITTAPI function NOT instrumented (not matched by --itt-config option): __itt_model_iteration_taskAL

20495 : 0x3bd4db8a0a2896 : 2 : ittapi_config_apply_per_lib :  ITTAPI function NOT instrumented (not matched by --itt-config option): __itt_model_site_end_2

20495 : 0x3bd4db8a0a2f96 : 2 : ittapi_config_apply_per_lib :  ITTAPI function NOT instrumented (not matched by --itt-config option): __itt_model_task_end_2

20495 : 0x3bd4db8a0a35ea : 2 : ittapi_config_apply_per_lib :  ITTAPI function NOT instrumented (not matched by --itt-config option): __itt_model_lock_acquire_2

20495 : 0x3bd4db8a0a3e50 : 2 : ittapi_config_apply_per_lib :  ITTAPI function NOT instrumented (not matched by --itt-config option): __itt_model_lock_release_2

20495 : 0x3bd4db8a0a4654 : 2 : ittapi_config_apply_per_lib :  ITTAPI function NOT instrumented (not matched by --itt-config option): __itt_model_aggregate_task

20495 : 0x3bd4db8a0a4e14 : 2 : ittapi_config_apply_per_lib :  ITTAPI function NOT instrumented (not matched by --itt-config option): __itt_model_disable_push

20495 : 0x3bd4db8a0a55de : 2 : ittapi_config_apply_per_lib :  ITTAPI function NOT instrumented (not matched by --itt-config option): __itt_model_disable_pop

20495 : 0x3bd4db8a0a8cea : 2 : ittapi_config_apply_per_lib :  ITTAPI function instrumented: __itt_heap_function_create
20495 : 0x3bd4db8a0a9a84 : 2 : ittapi_config_apply_per_lib :  ITTAPI function instrumented: __itt_heap_allocate_begin
20495 : 0x3bd4db8a0aa4aa : 2 : ittapi_config_apply_per_lib :  ITTAPI function instrumented: __itt_heap_allocate_end
20495 : 0x3bd4db8a0aae40 : 2 : ittapi_config_apply_per_lib :  ITTAPI function instrumented: __itt_heap_free_begin
20495 : 0x3bd4db8a0ab7b8 : 2 : ittapi_config_apply_per_lib :  ITTAPI function instrumented: __itt_heap_free_end
20495 : 0x3bd4db8a0ac258 : 2 : ittapi_config_apply_per_lib :  ITTAPI function instrumented: __itt_heap_reallocate_begin
20495 : 0x3bd4db8a0acc42 : 2 : ittapi_config_apply_per_lib :  ITTAPI function instrumented: __itt_heap_reallocate_end
20495 : 0x3bd4db8a0ad89e : 2 : ittapi_config_apply_per_lib :  ITTAPI function not implemented: __itt_heap_internal_access_begin
20495 : 0x3bd4db8a0ae45e : 2 : ittapi_config_apply_per_lib :  ITTAPI function not implemented: __itt_heap_internal_access_end
20495 : 0x3bd4db8a0af0b2 : 2 : ittapi_config_apply_per_lib :  ITTAPI function not implemented: __itt_heap_record_memory_growth_begin
20495 : 0x3bd4db8a0b1cf2 : 2 : ittapi_config_apply_per_lib :  ITTAPI function not implemented: __itt_heap_record_memory_growth_end
20495 : 0x3bd4db8a0b29bc : 2 : ittapi_config_apply_per_lib :  ITTAPI function not implemented: __itt_id_create
20495 : 0x3bd4db8a0b3580 : 2 : ittapi_config_apply_per_lib :  ITTAPI function not implemented: __itt_id_destroy
20495 : 0x3bd4db8a0b41f4 : 2 : ittapi_config_apply_per_lib :  ITTAPI function not implemented: __itt_region_begin
20495 : 0x3bd4db8a0b4d24 : 2 : ittapi_config_apply_per_lib :  ITTAPI function not implemented: __itt_region_end
20495 : 0x3bd4db8a0b5926 : 2 : ittapi_config_apply_per_lib :  ITTAPI function instrumented: __itt_frame_begin_v3
20495 : 0x3bd4db8a0b6514 : 2 : ittapi_config_apply_per_lib :  ITTAPI function instrumented: __itt_frame_end_v3
20495 : 0x3bd4db8a0b6c5a : 2 : ittapi_config_apply_per_lib :  ITTAPI function NOT instrumented (not matched by --itt-config option): __itt_task_group

20495 : 0x3bd4db8a0b736e : 2 : ittapi_config_apply_per_lib :  ITTAPI function NOT instrumented (not matched by --itt-config option): __itt_task_begin

20495 : 0x3bd4db8a0b7a2a : 2 : ittapi_config_apply_per_lib :  ITTAPI function NOT instrumented (not matched by --itt-config option): __itt_task_begin_fn

20495 : 0x3bd4db8a0b9e36 : 2 : ittapi_config_apply_per_lib :  ITTAPI function NOT instrumented (not matched by --itt-config option): __itt_task_end

20495 : 0x3bd4db8a0ba69e : 2 : ittapi_config_apply_per_lib :  ITTAPI function NOT instrumented (not matched by --itt-config option): __itt_counter_inc_v3

20495 : 0x3bd4db8a0bae38 : 2 : ittapi_config_apply_per_lib :  ITTAPI function NOT instrumented (not matched by --itt-config option): __itt_counter_inc_delta_v3

20495 : 0x3bd4db8a0bbdd0 : 2 : ittapi_config_apply_per_lib :  ITTAPI function not implemented: __itt_marker
20495 : 0x3bd4db8a0bc9b4 : 2 : ittapi_config_apply_per_lib :  ITTAPI function instrumented: __itt_metadata_add
20495 : 0x3bd4db8a0bd662 : 2 : ittapi_config_apply_per_lib :  ITTAPI function not implemented: __itt_metadata_str_add
20495 : 0x3bd4db8a0be16c : 2 : ittapi_config_apply_per_lib :  ITTAPI function not implemented: __itt_relation_add_to_current
20495 : 0x3bd4db8a0bed72 : 2 : ittapi_config_apply_per_lib :  ITTAPI function not implemented: __itt_relation_add
20495 : 0x3bd4db8a0bf690 : 2 : ittapi_config_apply_per_lib :  ITTAPI function instrumented: __itt_event_create
20495 : 0x3bd4db8a0bfdb8 : 2 : ittapi_config_apply_per_lib :  ITTAPI function NOT instrumented (not matched by --itt-config option): __itt_event_start

20495 : 0x3bd4db8a0c2222 : 2 : ittapi_config_apply_per_lib :  ITTAPI function NOT instrumented (not matched by --itt-config option): __itt_event_end

20495 : 0x3bd4db8a0c29de : 2 : ittapi_config_apply_per_lib :  ITTAPI function NOT instrumented (not matched by --itt-config option): __itt_sync_set_name

20495 : 0x3bd4db8a0c30fc : 2 : ittapi_config_apply_per_lib :  ITTAPI function NOT instrumented (not matched by --itt-config option): __itt_notify_sync_name

20495 : 0x3bd4db8a0c384c : 2 : ittapi_config_apply_per_lib :  ITTAPI function NOT instrumented (not matched by --itt-config option): __itt_notify_sync_prepare

20495 : 0x3bd4db8a0c3edc : 2 : ittapi_config_apply_per_lib :  ITTAPI function NOT instrumented (not matched by --itt-config option): __itt_notify_sync_cancel

20495 : 0x3bd4db8a0c4598 : 2 : ittapi_config_apply_per_lib :  ITTAPI function NOT instrumented (not matched by --itt-config option): __itt_notify_sync_acquired

20495 : 0x3bd4db8a0c4c10 : 2 : ittapi_config_apply_per_lib :  ITTAPI function NOT instrumented (not matched by --itt-config option): __itt_notify_sync_releasing

20495 : 0x3bd4db8a0c5962 : 2 : ittapi_config_apply_per_lib :  ITTAPI function not implemented: __itt_memory_read
20495 : 0x3bd4db8a0c6572 : 2 : ittapi_config_apply_per_lib :  ITTAPI function not implemented: __itt_memory_write
20495 : 0x3bd4db8a0c70e0 : 2 : ittapi_config_apply_per_lib :  ITTAPI function not implemented: __itt_memory_update
20495 : 0x3bd4db8a0caab2 : 2 : ittapi_config_apply_per_lib :  ITTAPI function not implemented: __itt_state_get
20495 : 0x3bd4db8a0cb700 : 2 : ittapi_config_apply_per_lib :  ITTAPI function not implemented: __itt_state_set
20495 : 0x3bd4db8a0cc232 : 2 : ittapi_config_apply_per_lib :  ITTAPI function not implemented: __itt_obj_mode_set
20495 : 0x3bd4db8a0ccd46 : 2 : ittapi_config_apply_per_lib :  ITTAPI function not implemented: __itt_thr_mode_set
20495 : 0x3bd4db8a0cd5c2 : 2 : ittapi_config_apply_per_lib :  ITTAPI function instrumented: __itt_frame_create
20495 : 0x3bd4db8a0ce028 : 2 : ittapi_config_apply_per_lib :  ITTAPI function instrumented: __itt_frame_begin
20495 : 0x3bd4db8a0cea98 : 2 : ittapi_config_apply_per_lib :  ITTAPI function instrumented: __itt_frame_end
20495 : 0x3bd4db8a0cf448 : 2 : ittapi_config_apply_per_lib :  ITTAPI function instrumented: __itt_counter_create
20495 : 0x3bd4db8a0cfbf6 : 2 : ittapi_config_apply_per_lib :  ITTAPI function NOT instrumented (not matched by --itt-config option): __itt_counter_destroy

20495 : 0x3bd4db8a0d0426 : 2 : ittapi_config_apply_per_lib :  ITTAPI function NOT instrumented (not matched by --itt-config option): __itt_counter_inc

20495 : 0x3bd4db8a0d6b56 : 2 : ittapi_config_apply_per_lib :  ITTAPI function NOT instrumented (not matched by --itt-config option): __itt_counter_inc_delta

20495 : 0x3bd4db8a0d78a6 : 2 : ittapi_config_apply_per_lib :  ITTAPI function not implemented: __itt_mark_create
20495 : 0x3bd4db8a0d8566 : 2 : ittapi_config_apply_per_lib :  ITTAPI function not implemented: __itt_mark
20495 : 0x3bd4db8a0d9392 : 2 : ittapi_config_apply_per_lib :  ITTAPI function not implemented: __itt_mark_off
20495 : 0x3bd4db8a0d9e30 : 2 : ittapi_config_apply_per_lib :  ITTAPI function not implemented: __itt_mark_global
20495 : 0x3bd4db8a0daa38 : 2 : ittapi_config_apply_per_lib :  ITTAPI function not implemented: __itt_mark_global_off
20495 : 0x3bd4db8a0db252 : 2 : ittapi_config_apply_per_lib :  ITTAPI function NOT instrumented (not matched by --itt-config option): __itt_stack_caller_create

20495 : 0x3bd4db8a0dba04 : 2 : ittapi_config_apply_per_lib :  ITTAPI function NOT instrumented (not matched by --itt-config option): __itt_stack_caller_destroy

20495 : 0x3bd4db8a0dc196 : 2 : ittapi_config_apply_per_lib :  ITTAPI function NOT instrumented (not matched by --itt-config option): __itt_stack_callee_enter

20495 : 0x3bd4db8a0dc8d4 : 2 : ittapi_config_apply_per_lib :  ITTAPI function NOT instrumented (not matched by --itt-config option): __itt_stack_callee_leave

20495 : 0x3bd4db8a0df626 : 2 : ittapi_config_apply_per_lib :  ITTAPI function not implemented: __itt_clock_domain_create
20495 : 0x3bd4db8a0e0354 : 2 : ittapi_config_apply_per_lib :  ITTAPI function not implemented: __itt_clock_domain_reset
20495 : 0x3bd4db8a0e0e46 : 2 : ittapi_config_apply_per_lib :  ITTAPI function not implemented: __itt_id_create_ex
20495 : 0x3bd4db8a0e7c08 : 2 : ittapi_config_apply_per_lib :  ITTAPI function not implemented: __itt_id_destroy_ex
20495 : 0x3bd4db8a0e8730 : 2 : ittapi_config_apply_per_lib :  ITTAPI function NOT instrumented (not matched by --itt-config option): __itt_task_begin_ex

20495 : 0x3bd4db8a0e90a0 : 2 : ittapi_config_apply_per_lib :  ITTAPI function NOT instrumented (not matched by --itt-config option): __itt_task_begin_fn_ex

20495 : 0x3bd4db8a0e9930 : 2 : ittapi_config_apply_per_lib :  ITTAPI function NOT instrumented (not matched by --itt-config option): __itt_task_end_ex

20495 : 0x3bd4db8a0ea250 : 2 : ittapi_config_apply_per_lib :  ITTAPI function NOT instrumented (not matched by --itt-config option): __itt_task_begin_overlapped

20495 : 0x3bd4db8a0eaa86 : 2 : ittapi_config_apply_per_lib :  ITTAPI function NOT instrumented (not matched by --itt-config option): __itt_task_begin_overlapped_ex

20495 : 0x3bd4db8a0eb350 : 2 : ittapi_config_apply_per_lib :  ITTAPI function NOT instrumented (not matched by --itt-config option): __itt_task_end_overlapped

20495 : 0x3bd4db8a0efbe0 : 2 : ittapi_config_apply_per_lib :  ITTAPI function NOT instrumented (not matched by --itt-config option): __itt_task_end_overlapped_ex

20495 : 0x3bd4db8a0f1082 : 2 : ittapi_config_apply_per_lib :  ITTAPI function not implemented: __itt_marker_ex
20495 : 0x3bd4db8a0f21cc : 2 : ittapi_config_apply_per_lib :  ITTAPI function not implemented: __itt_metadata_add_with_scope
20495 : 0x3bd4db8a0f33ec : 2 : ittapi_config_apply_per_lib :  ITTAPI function not implemented: __itt_metadata_str_add_with_scope
20495 : 0x3bd4db8a0f4514 : 2 : ittapi_config_apply_per_lib :  ITTAPI function not implemented: __itt_relation_add_to_current_ex
20495 : 0x3bd4db8a0f54ee : 2 : ittapi_config_apply_per_lib :  ITTAPI function not implemented: __itt_relation_add_ex
20495 : 0x3bd4db8a0f661a : 2 : ittapi_config_apply_per_lib :  ITTAPI function not implemented: __itt_track_group_create
20495 : 0x3bd4db8a0f7402 : 2 : ittapi_config_apply_per_lib :  ITTAPI function not implemented: __itt_track_create
20495 : 0x3bd4db8a0f83c4 : 2 : ittapi_config_apply_per_lib :  ITTAPI function not implemented: __itt_set_track
20495 : 0x3bd4db8a0f926a : 2 : ittapi_config_apply_per_lib :  ITTAPI function instrumented: __itt_api_version
20495 : 0x3bd4db8a0fd112 : 2 : ittapi_config_apply_per_lib :  ITTAPI function not implemented: __itt_av_save